<?xml version="1.0" encoding="UTF-8" ?>
<testsuites disabled="0" errors="0" failures="4" tests="9" time="48.013">
 <testsuite name="Login Functionality" timestamp="2024-06-25T14:10:19" hostname="localhost" time="28.039" errors="0" tests="1" skipped="0" disabled="0" failures="0">
  <testcase classname="Login Functionality" name="should open the login form, enter credentials, and log in with custom headers" time="7.385" />
 </testsuite>
 <testsuite name="Login Functionality.Navigation to Transaction Page" timestamp="2024-06-25T14:10:27" hostname="localhost" time="10.671" errors="0" tests="4" skipped="0" disabled="0" failures="4">
  <testcase classname="Login Functionality.Navigation to Transaction Page" name="should navigate to the dashboard page" time="2.988" />
  <testcase classname="Login Functionality.Navigation to Transaction Page" name="should click on the current account" time="1.588" />
  <testcase classname="Login Functionality.Navigation to Transaction Page" name="should ensure redirection to the transaction page" time="2.912" />
  <testcase classname="Login Functionality.Navigation to Transaction Page" name="should verify balance in the transaction history table is not zero" time="3.181">
   <failure type="toBe" message="Expected 0 not to be 0, &apos;Balance is displayed as zero for transaction row 1&apos;."><![CDATA[Error: Failed expectation
    at UserContext.<anonymous> (C:\Users\sandhata\shirisha dodla\UI_testing_nextgen\Nextgen_test\src\e2e-spec.ts:100:42)
    at processTicksAndRejections (node:internal/process/task_queues:95:5)]]>
   </failure>
   <failure type="toBe" message="Expected 0 not to be 0, &apos;Balance is displayed as zero for transaction row 2&apos;."><![CDATA[Error: Failed expectation
    at UserContext.<anonymous> (C:\Users\sandhata\shirisha dodla\UI_testing_nextgen\Nextgen_test\src\e2e-spec.ts:100:42)
    at processTicksAndRejections (node:internal/process/task_queues:95:5)]]>
   </failure>
   <failure type="toBe" message="Expected 0 not to be 0, &apos;Balance is displayed as zero for transaction row 3&apos;."><![CDATA[Error: Failed expectation
    at UserContext.<anonymous> (C:\Users\sandhata\shirisha dodla\UI_testing_nextgen\Nextgen_test\src\e2e-spec.ts:100:42)
    at processTicksAndRejections (node:internal/process/task_queues:95:5)]]>
   </failure>
   <failure type="toBe" message="Expected 0 not to be 0, &apos;Balance is displayed as zero for transaction row 4&apos;."><![CDATA[Error: Failed expectation
    at UserContext.<anonymous> (C:\Users\sandhata\shirisha dodla\UI_testing_nextgen\Nextgen_test\src\e2e-spec.ts:100:42)
    at processTicksAndRejections (node:internal/process/task_queues:95:5)]]>
   </failure>
  </testcase>
 </testsuite>
 <testsuite name="Login Functionality.Back Button Functionality" timestamp="2024-06-25T14:10:38" hostname="localhost" time="4.8" errors="0" tests="2" skipped="0" disabled="0" failures="0">
  <testcase classname="Login Functionality.Back Button Functionality" name="should navigate to the transaction page" time="2.633" />
  <testcase classname="Login Functionality.Back Button Functionality" name="should click the back button and ensure redirection back to the dashboard page" time="2.166" />
 </testsuite>
 <testsuite name="Login Functionality.Logout Functionality" timestamp="2024-06-25T14:10:42" hostname="localhost" time="4.503" errors="0" tests="2" skipped="0" disabled="0" failures="0">
  <testcase classname="Login Functionality.Logout Functionality" name="should have a logout button that is clickable" time="2.832" />
  <testcase classname="Login Functionality.Logout Functionality" name="should log out and redirect to the login page" time="1.67" />
 </testsuite>
</testsuites>